<?xml version="1.0" encoding="UTF-8"?>
<testsuite xmlns:xsi="http://www.w3.org/2001/XMLSchema-instance" xsi:noNamespaceSchemaLocation="https://maven.apache.org/surefire/maven-surefire-plugin/xsd/surefire-test-report-3.0.xsd" version="3.0" name="com.epitech.give4free.security.jwt.TokenProviderTest" time="0.029" tests="5" errors="0" skipped="0" failures="0">
  <properties>
[...]
</properties>
  <testcase name="testReturnFalseWhenJWTisInvalid" classname="com.epitech.give4free.security.jwt.TokenProviderTest" time="0.003"/>
  <testcase name="testReturnFalseWhenJWTisExpired" classname="com.epitech.give4free.security.jwt.TokenProviderTest" time="0.006"/>
  <testcase name="testReturnFalseWhenJWThasInvalidSignature" classname="com.epitech.give4free.security.jwt.TokenProviderTest" time="0.005"/>
  <testcase name="testReturnFalseWhenJWTisMalformed" classname="com.epitech.give4free.security.jwt.TokenProviderTest" time="0.006"/>
  <testcase name="testReturnFalseWhenJWTisUnsupported" classname="com.epitech.give4free.security.jwt.TokenProviderTest" time="0.005"/>
</testsuite>